<?xml version="1.0" encoding="UTF-8"?>
<!-- Generated by org.testng.reporters.JUnitReportReporter -->
<testsuite hostname="DESKTOP-NA5E20B" failures="0" tests="4" name="Assignment1.NewTest" time="2.267" errors="0" timestamp="15 Jul 2022 10:47:42 GMT" skipped="0">
  <testcase classname="Assignment1.NewTest" name="requestProfiles" time="0.046"/>
  <testcase classname="Assignment1.NewTest" name="requestPost_checkStatusCode" time="0.035"/>
  <testcase classname="Assignment1.NewTest" name="requestFriendsList" time="0.080"/>
  <testcase classname="Assignment1.NewTest" name="requestComments" time="2.106"/>
</testsuite> <!-- Assignment1.NewTest -->
