<?xml version="1.0" encoding="UTF-8"?>
<!-- Generated by org.testng.reporters.JUnitReportReporter -->
<testsuite hostname="DESKTOP-NA5E20B" failures="0" tests="2" name="Assignment2.NewTest" time="7.267" errors="0" timestamp="15 Jul 2022 10:53:27 GMT" skipped="0">
  <testcase classname="Assignment2.NewTest" name="Assignment2" time="1.390"/>
  <testcase classname="Assignment2.NewTest" name="Assignment1" time="5.877"/>
</testsuite> <!-- Assignment2.NewTest -->
